This file contains any messages produced by compilers while
running configure, to aid debugging if configure makes a mistake.

It was created by GNU C Library configure (see version.h), which was
generated by GNU Autoconf 2.61.  Invocation command line was

  $ /home/cmatthew/lind/nacl-glibc/configure --prefix=/usr --host=i486-linux-gnu CC=/home/cmatthew/bin/native_client_sdk_0_5_1052/toolchain/linux_x86/bin/nacl-gcc -L/home/cmatthew/lind/nacl-glibc/nacl/dyn-link  CFLAGS=-march=i486 -pipe -fno-strict-aliasing -O2 -mno-tls-direct-seg-refs -g --with-headers=/home/cmatthew/lind/nacl-glibc/kernel-headers --enable-kernel=2.2.0

## --------- ##
## Platform. ##
## --------- ##

hostname = sebulba
uname -m = x86_64
uname -r = 2.6.38-11-generic
uname -s = Linux
uname -v = #50-Ubuntu SMP Mon Sep 12 21:17:25 UTC 2011

/usr/bin/uname -p = unknown
/bin/uname -X     = unknown

/bin/arch              = unknown
/usr/bin/arch -k       = unknown
/usr/convex/getsysinfo = unknown
/usr/bin/hostinfo      = unknown
/bin/machine           = unknown
/usr/bin/oslevel       = unknown
/bin/universe          = unknown

PATH: /usr/local/sbin
PATH: /usr/local/bin
PATH: /usr/sbin
PATH: /usr/bin
PATH: /sbin
PATH: /bin
PATH: /usr/games
PATH: /home/cmatthew/depot_tools/
PATH: /home/cmatthew/bin/gclient/depot_tools/
PATH: /home/cmatthew/bin/native_client_sdk_0_5_1052/toolchain/linux_x86/bin


## ----------- ##
## Core tests. ##
## ----------- ##

configure:2144: checking build system type
configure:2162: result: x86_64-unknown-linux-gnu
configure:2184: checking host system type
configure:2199: result: i486-pc-linux-gnu
configure:2379: running configure fragment for add-on libidn
configure:2379: running configure fragment for add-on nptl
configure:2516: checking sysdep dirs
configure:2752: result: sysdeps/generic/elf sysdeps/generic
configure:2830: checking for a BSD-compatible install
configure:2886: result: /usr/bin/install -c
configure:2901: checking whether ln -s works
configure:2905: result: yes
configure:2921: checking for i486-linux-gnu-gcc
configure:2948: result: /home/cmatthew/bin/native_client_sdk_0_5_1052/toolchain/linux_x86/bin/nacl-gcc -L/home/cmatthew/lind/nacl-glibc/nacl/dyn-link 
configure:3226: checking for C compiler version
configure:3233: /home/cmatthew/bin/native_client_sdk_0_5_1052/toolchain/linux_x86/bin/nacl-gcc -L/home/cmatthew/lind/nacl-glibc/nacl/dyn-link  --version >&5
x86_64-nacl-gcc (GCC) 4.4.3 2011-07-22 (Native Client r6191, Git Commit a2490b96462a8cc20322c174e7ac5bee72f3d6bd)
Copyright (C) 2010 Free Software Foundation, Inc.
This is free software; see the source for copying conditions.  There is NO
warranty; not even for MERCHANTABILITY or FITNESS FOR A PARTICULAR PURPOSE.

configure:3236: $? = 0
configure:3243: /home/cmatthew/bin/native_client_sdk_0_5_1052/toolchain/linux_x86/bin/nacl-gcc -L/home/cmatthew/lind/nacl-glibc/nacl/dyn-link  -v >&5
Using built-in specs.
Target: x86_64-nacl
Configured with: /mnt/data/b/build/slave/lucid64-toolchain_x86/build/native_client/tools/SRC/gcc/configure CC='gcc -m32' CFLAGS='-O2  -Dinhibit_libc -D__gthr_posix_h' LDFLAGS='-s ' 'CFLAGS_FOR_TARGET=-O2 -g -mtls-use-call -I/mnt/data/b/build/slave/lucid64-toolchain_x86/build/native_client/tools/BUILD/headers_for_build' 'CXXFLAGS_FOR_TARGET=-O2 -g -mtls-use-call -I/mnt/data/b/build/slave/lucid64-toolchain_x86/build/native_client/tools/BUILD/headers_for_build' --prefix=/mnt/data/b/build/slave/lucid64-toolchain_x86/build/native_client/tools/sdk/nacl-sdk --disable-decimal-float --disable-libgomp --disable-libmudflap --disable-libssp --disable-libstdcxx-pch --target=x86_64-nacl --with-gmp=/mnt/data/b/build/slave/lucid64-toolchain_x86/build/native_client/tools/BUILD/.gcc-extra-install-gmp --with-mpfr=/mnt/data/b/build/slave/lucid64-toolchain_x86/build/native_client/tools/BUILD/.gcc-extra-install-mpfr --with-ppl=/mnt/data/b/build/slave/lucid64-toolchain_x86/build/native_client/tools/BUILD/.gcc-extra-install-ppl --with-host-libstdcxx='-lpwl -lstdc++ -lm' --with-cloog=/mnt/data/b/build/slave/lucid64-toolchain_x86/build/native_client/tools/BUILD/.gcc-extra-install-cloog-ppl --disable-ppl-version-check --disable-shared --enable-languages=c,c++,objc --enable-threads=nacl --enable-tls --with-newlib
Thread model: nacl
gcc version 4.4.3 2011-07-22 (Native Client r6191, Git Commit a2490b96462a8cc20322c174e7ac5bee72f3d6bd) (GCC) 
configure:3246: $? = 0
configure:3253: /home/cmatthew/bin/native_client_sdk_0_5_1052/toolchain/linux_x86/bin/nacl-gcc -L/home/cmatthew/lind/nacl-glibc/nacl/dyn-link  -V >&5
x86_64-nacl-gcc: '-V' must come at the start of the command line
configure:3256: $? = 1
configure:3260: checking for suffix of object files
configure:3286: /home/cmatthew/bin/native_client_sdk_0_5_1052/toolchain/linux_x86/bin/nacl-gcc -L/home/cmatthew/lind/nacl-glibc/nacl/dyn-link  -c -march=i486 -pipe -fno-strict-aliasing -O2 -mno-tls-direct-seg-refs -g  conftest.c >&5
configure:3289: $? = 0
configure:3312: result: o
configure:3316: checking whether we are using the GNU C compiler
configure:3345: /home/cmatthew/bin/native_client_sdk_0_5_1052/toolchain/linux_x86/bin/nacl-gcc -L/home/cmatthew/lind/nacl-glibc/nacl/dyn-link  -c -march=i486 -pipe -fno-strict-aliasing -O2 -mno-tls-direct-seg-refs -g  conftest.c >&5
configure:3351: $? = 0
configure:3368: result: yes
configure:3373: checking whether /home/cmatthew/bin/native_client_sdk_0_5_1052/toolchain/linux_x86/bin/nacl-gcc -L/home/cmatthew/lind/nacl-glibc/nacl/dyn-link  accepts -g
configure:3403: /home/cmatthew/bin/native_client_sdk_0_5_1052/toolchain/linux_x86/bin/nacl-gcc -L/home/cmatthew/lind/nacl-glibc/nacl/dyn-link  -c -g  conftest.c >&5
configure:3409: $? = 0
configure:3508: result: yes
configure:3525: checking for /home/cmatthew/bin/native_client_sdk_0_5_1052/toolchain/linux_x86/bin/nacl-gcc -L/home/cmatthew/lind/nacl-glibc/nacl/dyn-link  option to accept ISO C89
configure:3599: /home/cmatthew/bin/native_client_sdk_0_5_1052/toolchain/linux_x86/bin/nacl-gcc -L/home/cmatthew/lind/nacl-glibc/nacl/dyn-link   -c -march=i486 -pipe -fno-strict-aliasing -O2 -mno-tls-direct-seg-refs -g  conftest.c >&5
configure:3605: $? = 0
configure:3628: result: none needed
configure:3651: checking for gcc
configure:3667: found /usr/bin/gcc
configure:3678: result: gcc
configure:3696: checking how to run the C preprocessor
configure:3736: /home/cmatthew/bin/native_client_sdk_0_5_1052/toolchain/linux_x86/bin/nacl-gcc -L/home/cmatthew/lind/nacl-glibc/nacl/dyn-link  -E  conftest.c
configure:3742: $? = 0
configure:3773: /home/cmatthew/bin/native_client_sdk_0_5_1052/toolchain/linux_x86/bin/nacl-gcc -L/home/cmatthew/lind/nacl-glibc/nacl/dyn-link  -E  conftest.c
conftest.c:10:28: error: ac_nonexistent.h: No such file or directory
configure:3779: $? = 1
configure: failed program was:
| /* confdefs.h.  */
| #define PACKAGE_NAME "GNU C Library"
| #define PACKAGE_TARNAME "c-library"
| #define PACKAGE_VERSION "(see version.h)"
| #define PACKAGE_STRING "GNU C Library (see version.h)"
| #define PACKAGE_BUGREPORT "glibc"
| #define HAVE_LIBIDN 1
| #define USE_REGPARMS 1
| /* end confdefs.h.  */
| #include <ac_nonexistent.h>
configure:3812: result: /home/cmatthew/bin/native_client_sdk_0_5_1052/toolchain/linux_x86/bin/nacl-gcc -L/home/cmatthew/lind/nacl-glibc/nacl/dyn-link  -E
configure:3841: /home/cmatthew/bin/native_client_sdk_0_5_1052/toolchain/linux_x86/bin/nacl-gcc -L/home/cmatthew/lind/nacl-glibc/nacl/dyn-link  -E  conftest.c
configure:3847: $? = 0
configure:3878: /home/cmatthew/bin/native_client_sdk_0_5_1052/toolchain/linux_x86/bin/nacl-gcc -L/home/cmatthew/lind/nacl-glibc/nacl/dyn-link  -E  conftest.c
conftest.c:10:28: error: ac_nonexistent.h: No such file or directory
configure:3884: $? = 1
configure: failed program was:
| /* confdefs.h.  */
| #define PACKAGE_NAME "GNU C Library"
| #define PACKAGE_TARNAME "c-library"
| #define PACKAGE_VERSION "(see version.h)"
| #define PACKAGE_STRING "GNU C Library (see version.h)"
| #define PACKAGE_BUGREPORT "glibc"
| #define HAVE_LIBIDN 1
| #define USE_REGPARMS 1
| /* end confdefs.h.  */
| #include <ac_nonexistent.h>
configure:3936: checking for i486-linux-gnu-g++
configure:3966: result: no
configure:3936: checking for i486-linux-gnu-c++
configure:3966: result: no
configure:3936: checking for i486-linux-gnu-gpp
configure:3966: result: no
configure:3936: checking for i486-linux-gnu-aCC
configure:3966: result: no
configure:3936: checking for i486-linux-gnu-CC
configure:3966: result: no
configure:3936: checking for i486-linux-gnu-cxx
configure:3966: result: no
configure:3936: checking for i486-linux-gnu-cc++
configure:3966: result: no
configure:3936: checking for i486-linux-gnu-cl.exe
configure:3966: result: no
configure:3936: checking for i486-linux-gnu-FCC
configure:3966: result: no
configure:3936: checking for i486-linux-gnu-KCC
configure:3966: result: no
configure:3936: checking for i486-linux-gnu-RCC
configure:3966: result: no
configure:3936: checking for i486-linux-gnu-xlC_r
configure:3966: result: no
configure:3936: checking for i486-linux-gnu-xlC
configure:3966: result: no
configure:3980: checking for g++
configure:3996: found /usr/bin/g++
configure:4007: result: g++
configure:4038: checking for C++ compiler version
configure:4045: g++ --version >&5
g++ (Ubuntu/Linaro 4.5.2-8ubuntu4) 4.5.2
Copyright (C) 2010 Free Software Foundation, Inc.
This is free software; see the source for copying conditions.  There is NO
warranty; not even for MERCHANTABILITY or FITNESS FOR A PARTICULAR PURPOSE.

configure:4048: $? = 0
configure:4055: g++ -v >&5
Using built-in specs.
COLLECT_GCC=g++
COLLECT_LTO_WRAPPER=/usr/lib/x86_64-linux-gnu/gcc/x86_64-linux-gnu/4.5.2/lto-wrapper
Target: x86_64-linux-gnu
Configured with: ../src/configure -v --with-pkgversion='Ubuntu/Linaro 4.5.2-8ubuntu4' --with-bugurl=file:///usr/share/doc/gcc-4.5/README.Bugs --enable-languages=c,c++,fortran,objc,obj-c++ --prefix=/usr --program-suffix=-4.5 --enable-shared --enable-multiarch --with-multiarch-defaults=x86_64-linux-gnu --enable-linker-build-id --with-system-zlib --libexecdir=/usr/lib/x86_64-linux-gnu --without-included-gettext --enable-threads=posix --with-gxx-include-dir=/usr/include/c++/4.5 --libdir=/usr/lib/x86_64-linux-gnu --enable-nls --with-sysroot=/ --enable-clocale=gnu --enable-libstdcxx-debug --enable-libstdcxx-time=yes --enable-plugin --enable-gold --enable-ld=default --with-plugin-ld=ld.gold --enable-objc-gc --disable-werror --with-arch-32=i686 --with-tune=generic --enable-checking=release --build=x86_64-linux-gnu --host=x86_64-linux-gnu --target=x86_64-linux-gnu
Thread model: posix
gcc version 4.5.2 (Ubuntu/Linaro 4.5.2-8ubuntu4) 
configure:4058: $? = 0
configure:4065: g++ -V >&5
g++: '-V' option must have argument
configure:4068: $? = 1
configure:4071: checking whether we are using the GNU C++ compiler
configure:4100: g++ -c   conftest.cpp >&5
configure:4106: $? = 0
configure:4123: result: yes
configure:4128: checking whether g++ accepts -g
configure:4158: g++ -c -g  conftest.cpp >&5
configure:4164: $? = 0
configure:4263: result: yes
configure:4406: checking whether /home/cmatthew/bin/native_client_sdk_0_5_1052/toolchain/linux_x86/bin/../lib/gcc/x86_64-nacl/4.4.3/../../../../x86_64-nacl/bin/as is GNU as
configure:4420: result: yes
configure:4425: checking whether /home/cmatthew/bin/native_client_sdk_0_5_1052/toolchain/linux_x86/bin/../lib/gcc/x86_64-nacl/4.4.3/../../../../x86_64-nacl/bin/ld is GNU ld
configure:4439: result: yes
configure:4449: checking for /home/cmatthew/bin/native_client_sdk_0_5_1052/toolchain/linux_x86/bin/../lib/gcc/x86_64-nacl/4.4.3/../../../../x86_64-nacl/bin/as
configure:4476: result: /home/cmatthew/bin/native_client_sdk_0_5_1052/toolchain/linux_x86/bin/../lib/gcc/x86_64-nacl/4.4.3/../../../../x86_64-nacl/bin/as
configure:4491: checking version of /home/cmatthew/bin/native_client_sdk_0_5_1052/toolchain/linux_x86/bin/../lib/gcc/x86_64-nacl/4.4.3/../../../../x86_64-nacl/bin/as
configure:4501: result: 2.20.1.20100303, ok
configure:4512: checking for /home/cmatthew/bin/native_client_sdk_0_5_1052/toolchain/linux_x86/bin/../lib/gcc/x86_64-nacl/4.4.3/../../../../x86_64-nacl/bin/ld
configure:4539: result: /home/cmatthew/bin/native_client_sdk_0_5_1052/toolchain/linux_x86/bin/../lib/gcc/x86_64-nacl/4.4.3/../../../../x86_64-nacl/bin/ld
configure:4554: checking version of /home/cmatthew/bin/native_client_sdk_0_5_1052/toolchain/linux_x86/bin/../lib/gcc/x86_64-nacl/4.4.3/../../../../x86_64-nacl/bin/ld
configure:4564: result: 2.20.1.20100303, ok
configure:4579: checking for pwd
configure:4597: found /bin/pwd
configure:4610: result: /bin/pwd
configure:4630: checking for i486-linux-gnu-gcc
configure:4657: result: /home/cmatthew/bin/native_client_sdk_0_5_1052/toolchain/linux_x86/bin/nacl-gcc -L/home/cmatthew/lind/nacl-glibc/nacl/dyn-link 
configure:4672: checking version of /home/cmatthew/bin/native_client_sdk_0_5_1052/toolchain/linux_x86/bin/nacl-gcc -L/home/cmatthew/lind/nacl-glibc/nacl/dyn-link 
configure:4682: result: 4.4.3, ok
configure:4693: checking for gnumake
configure:4723: result: no
configure:4693: checking for gmake
configure:4723: result: no
configure:4693: checking for make
configure:4709: found /usr/bin/make
configure:4720: result: make
configure:4735: checking version of make
configure:4745: result: 3.81, ok
configure:4757: checking for gnumsgfmt
configure:4787: result: no
configure:4757: checking for gmsgfmt
configure:4787: result: no
configure:4757: checking for msgfmt
configure:4773: found /usr/bin/msgfmt
configure:4784: result: msgfmt
configure:4799: checking version of msgfmt
configure:4809: result: 0.18.1, ok
configure:4820: checking for makeinfo
configure:4836: found /usr/bin/makeinfo
configure:4847: result: makeinfo
configure:4862: checking version of makeinfo
configure:4872: result: 4.13, ok
configure:4883: checking for sed
configure:4899: found /bin/sed
configure:4910: result: sed
configure:4925: checking version of sed
configure:4935: result: 4.2.1, ok
configure:4947: checking for autoconf
configure:4977: result: no
configure:5021: WARNING:
*** These auxiliary programs are missing or incompatible versions: autoconf
*** some features will be disabled.
*** Check the INSTALL file for required versions.
configure:5050: checking whether ranlib is necessary
configure:5071: result: no
configure:5084: checking LD_LIBRARY_PATH variable
configure:5094: result: ok
configure:5108: checking whether GCC supports -static-libgcc
configure:5119: result: -static-libgcc
configure:5125: checking for bash
configure:5143: found /bin/bash
configure:5156: result: /bin/bash
configure:5231: checking for gawk
configure:5247: found /usr/bin/gawk
configure:5258: result: gawk
configure:5271: checking for perl
configure:5289: found /usr/bin/perl
configure:5302: result: /usr/bin/perl
configure:5316: checking for install-info
configure:5335: found /usr/sbin/install-info
configure:5348: result: /usr/sbin/install-info
configure:5358: checking for bison
configure:5390: result: no
configure:5399: checking for signed size_t type
configure:5414: result: no
configure:5424: checking for libc-friendly stddef.h
configure:5458: /home/cmatthew/bin/native_client_sdk_0_5_1052/toolchain/linux_x86/bin/nacl-gcc -L/home/cmatthew/lind/nacl-glibc/nacl/dyn-link  -c -march=i486 -pipe -fno-strict-aliasing -O2 -mno-tls-direct-seg-refs -g  conftest.c >&5
conftest.c: In function 'main':
conftest.c:22: warning: incompatible implicit declaration of built-in function 'abort'
configure:5464: $? = 0
configure:5479: result: yes
configure:5486: checking whether we need to use -P to assemble .S files
configure:5496: /home/cmatthew/bin/native_client_sdk_0_5_1052/toolchain/linux_x86/bin/nacl-gcc -L/home/cmatthew/lind/nacl-glibc/nacl/dyn-link    -c conftest.S 1>&5
configure:5499: $? = 0
configure:5507: result: no
configure:5514: checking whether .text pseudo-op must be used
configure:5524: /home/cmatthew/bin/native_client_sdk_0_5_1052/toolchain/linux_x86/bin/nacl-gcc -L/home/cmatthew/lind/nacl-glibc/nacl/dyn-link   -c conftest.s 1>&5
configure:5527: $? = 0
configure:5538: result: yes
configure:5542: checking for assembler global-symbol directive
configure:5555: /home/cmatthew/bin/native_client_sdk_0_5_1052/toolchain/linux_x86/bin/nacl-gcc -L/home/cmatthew/lind/nacl-glibc/nacl/dyn-link   -c conftest.s 1>&5
configure:5558: $? = 0
configure:5566: result: .globl
configure:5579: checking for .set assembler directive
configure:5605: result: yes
configure:5614: checking for assembler .type directive prefix
configure:5630: /home/cmatthew/bin/native_client_sdk_0_5_1052/toolchain/linux_x86/bin/nacl-gcc -L/home/cmatthew/lind/nacl-glibc/nacl/dyn-link   -c conftest.s 1>&5
configure:5633: $? = 0
configure:5641: result: @
configure:5650: checking for .symver assembler directive
configure:5667: result: yes
configure:5669: checking for ld --version-script
configure:5695: /home/cmatthew/bin/native_client_sdk_0_5_1052/toolchain/linux_x86/bin/nacl-gcc -L/home/cmatthew/lind/nacl-glibc/nacl/dyn-link  -march=i486 -pipe -fno-strict-aliasing -O2 -mno-tls-direct-seg-refs -g  -shared
				-o conftest.so conftest.o
				-nostartfiles -nostdlib
				-Wl,--version-script,conftest.map
		       1>&5
configure:5698: $? = 0
configure:5713: result: yes
configure:5737: checking for .previous assembler directive
configure:5747: /home/cmatthew/bin/native_client_sdk_0_5_1052/toolchain/linux_x86/bin/nacl-gcc -L/home/cmatthew/lind/nacl-glibc/nacl/dyn-link  -c  conftest.s 1>&5
configure:5750: $? = 0
configure:5758: result: yes
configure:5796: checking for .protected and .hidden assembler directive
configure:5808: /home/cmatthew/bin/native_client_sdk_0_5_1052/toolchain/linux_x86/bin/nacl-gcc -L/home/cmatthew/lind/nacl-glibc/nacl/dyn-link  -c  conftest.s 1>&5
configure:5811: $? = 0
configure:5821: result: yes
configure:5825: checking whether __attribute__((visibility())) is supported
configure:5836: /home/cmatthew/bin/native_client_sdk_0_5_1052/toolchain/linux_x86/bin/nacl-gcc -L/home/cmatthew/lind/nacl-glibc/nacl/dyn-link  -Werror -S conftest.c -o conftest.s 1>&5
configure:5839: $? = 0
configure:5850: result: yes
configure:5860: checking for broken __attribute__((visibility()))
configure:5872: /home/cmatthew/bin/native_client_sdk_0_5_1052/toolchain/linux_x86/bin/nacl-gcc -L/home/cmatthew/lind/nacl-glibc/nacl/dyn-link  -Werror -S conftest.c -o conftest.s1>&5
configure:5875: $? = 0
configure:5884: result: no
configure:5893: checking for broken __attribute__((alias()))
configure:5908: /home/cmatthew/bin/native_client_sdk_0_5_1052/toolchain/linux_x86/bin/nacl-gcc -L/home/cmatthew/lind/nacl-glibc/nacl/dyn-link  -Werror -S conftest.c -o conftest.s 1>&5
configure:5911: $? = 0
configure:5921: result: no
configure:5930: checking whether to put _rtld_local into .sdata section
configure:5944: result: no
configure:5954: checking for .preinit_array/.init_array/.fini_array support
configure:5967: /home/cmatthew/bin/native_client_sdk_0_5_1052/toolchain/linux_x86/bin/nacl-gcc -L/home/cmatthew/lind/nacl-glibc/nacl/dyn-link  -march=i486 -pipe -fno-strict-aliasing -O2 -mno-tls-direct-seg-refs -g   -o conftest conftest.c
		     -static -nostartfiles -nostdlib 1>&5
configure:5970: $? = 0
configure:5983: result: yes
configure:5991: checking for libunwind-support in compiler
configure:6008: result: no
configure:6018: checking for -z nodelete option
configure:6030: /home/cmatthew/bin/native_client_sdk_0_5_1052/toolchain/linux_x86/bin/nacl-gcc -L/home/cmatthew/lind/nacl-glibc/nacl/dyn-link  -march=i486 -pipe -fno-strict-aliasing -O2 -mno-tls-direct-seg-refs -g  
		     -fPIC -shared -o conftest.so conftest.c
		     -nostartfiles -nostdlib
		     -Wl,--enable-new-dtags,-z,nodelete 1>&5
configure:6033: $? = 0
configure:6044: result: yes
configure:6047: checking for -z nodlopen option
configure:6059: /home/cmatthew/bin/native_client_sdk_0_5_1052/toolchain/linux_x86/bin/nacl-gcc -L/home/cmatthew/lind/nacl-glibc/nacl/dyn-link  -march=i486 -pipe -fno-strict-aliasing -O2 -mno-tls-direct-seg-refs -g  
			-fPIC -shared -o conftest.so conftest.c
			-nostartfiles -nostdlib
			-Wl,--enable-new-dtags,-z,nodlopen 1>&5
configure:6062: $? = 0
configure:6073: result: yes
configure:6076: checking for -z initfirst option
configure:6088: /home/cmatthew/bin/native_client_sdk_0_5_1052/toolchain/linux_x86/bin/nacl-gcc -L/home/cmatthew/lind/nacl-glibc/nacl/dyn-link  -march=i486 -pipe -fno-strict-aliasing -O2 -mno-tls-direct-seg-refs -g  
			-fPIC -shared -o conftest.so conftest.c
			-nostartfiles -nostdlib
			-Wl,--enable-new-dtags,-z,initfirst 1>&5
configure:6091: $? = 0
configure:6102: result: yes
configure:6107: checking for -z relro option
configure:6114: /home/cmatthew/bin/native_client_sdk_0_5_1052/toolchain/linux_x86/bin/nacl-gcc -L/home/cmatthew/lind/nacl-glibc/nacl/dyn-link  -v --help 2>&1|grep z relro 1>&5
  -z relro                    Create RELRO program header
  -z relro                    Create RELRO program header
configure:6117: $? = 0
configure:6121: /home/cmatthew/bin/native_client_sdk_0_5_1052/toolchain/linux_x86/bin/nacl-gcc -L/home/cmatthew/lind/nacl-glibc/nacl/dyn-link  -Wl,--verbose 2>&1|grep DATA_SEGMENT_RELRO_END 1>&5
  . = DATA_SEGMENT_RELRO_END (12, .);
configure:6124: $? = 0
configure:6131: result: yes
configure:6142: checking for -Bgroup option
configure:6153: /home/cmatthew/bin/native_client_sdk_0_5_1052/toolchain/linux_x86/bin/nacl-gcc -L/home/cmatthew/lind/nacl-glibc/nacl/dyn-link  -march=i486 -pipe -fno-strict-aliasing -O2 -mno-tls-direct-seg-refs -g  
			      -fPIC -shared -o conftest.so conftest.c
			      -Wl,-Bgroup -nostdlib 1>&5
configure:6156: $? = 0
configure:6165: result: yes
configure:6169: checking for libgcc_s suffix
configure:6183: result: 
configure:6187: checking for --as-needed option
configure:6199: /home/cmatthew/bin/native_client_sdk_0_5_1052/toolchain/linux_x86/bin/nacl-gcc -L/home/cmatthew/lind/nacl-glibc/nacl/dyn-link  -march=i486 -pipe -fno-strict-aliasing -O2 -mno-tls-direct-seg-refs -g  
			      -fPIC -shared -o conftest.so conftest.c
			      -lgcc_s -Wl,--as-needed
			      -nostdlib 1>&5
/home/cmatthew/bin/native_client_sdk_0_5_1052/toolchain/linux_x86/bin/../lib/gcc/x86_64-nacl/4.4.3/../../../../x86_64-nacl/bin/ld: cannot find -lgcc_s
collect2: ld returned 1 exit status
configure:6202: $? = 1
configure:6211: result: no
configure:6216: checking whether --noexecstack is desirable for .S files
configure:6226: /home/cmatthew/bin/native_client_sdk_0_5_1052/toolchain/linux_x86/bin/nacl-gcc -L/home/cmatthew/lind/nacl-glibc/nacl/dyn-link  -march=i486 -pipe -fno-strict-aliasing -O2 -mno-tls-direct-seg-refs -g 
		     -S -o conftest.s conftest.c 1>&5
configure:6229: $? = 0
configure:6234: /home/cmatthew/bin/native_client_sdk_0_5_1052/toolchain/linux_x86/bin/nacl-gcc -L/home/cmatthew/lind/nacl-glibc/nacl/dyn-link   -Wa,--noexecstack
		       -c -o conftest.o conftest.s 1>&5
configure:6237: $? = 0
configure:6246: result: yes
configure:6253: checking for -z combreloc
configure:6267: /home/cmatthew/bin/native_client_sdk_0_5_1052/toolchain/linux_x86/bin/nacl-gcc -L/home/cmatthew/lind/nacl-glibc/nacl/dyn-link  -march=i486 -pipe -fno-strict-aliasing -O2 -mno-tls-direct-seg-refs -g  
			-fPIC -shared -o conftest.so conftest.c
			-nostdlib -nostartfiles
			-Wl,-z,combreloc 1>&5
configure:6270: $? = 0
configure:6283: result: no
configure:6293: checking for -z execstack
configure:6305: /home/cmatthew/bin/native_client_sdk_0_5_1052/toolchain/linux_x86/bin/nacl-gcc -L/home/cmatthew/lind/nacl-glibc/nacl/dyn-link  -march=i486 -pipe -fno-strict-aliasing -O2 -mno-tls-direct-seg-refs -g  
			      -fPIC -shared -o conftest.so conftest.c
			      -Wl,-z,execstack -nostdlib
			      1>&5
configure:6308: $? = 0
configure:6317: result: yes
configure:6321: checking for -fpie
configure:6332: /home/cmatthew/bin/native_client_sdk_0_5_1052/toolchain/linux_x86/bin/nacl-gcc -L/home/cmatthew/lind/nacl-glibc/nacl/dyn-link  -march=i486 -pipe -fno-strict-aliasing -O2 -mno-tls-direct-seg-refs -g   -pie -fpie
			      -o conftest conftest.c 1>&5
/home/cmatthew/bin/native_client_sdk_0_5_1052/toolchain/linux_x86/bin/../lib/gcc/x86_64-nacl/4.4.3/../../../../x86_64-nacl/bin/ld: Scrt1.o: No such file: No such file or directory
collect2: ld returned 1 exit status
configure:6335: $? = 1
configure:6344: result: no
configure:6349: checking for --hash-style option
configure:6360: /home/cmatthew/bin/native_client_sdk_0_5_1052/toolchain/linux_x86/bin/nacl-gcc -L/home/cmatthew/lind/nacl-glibc/nacl/dyn-link  -march=i486 -pipe -fno-strict-aliasing -O2 -mno-tls-direct-seg-refs -g  
			      -fPIC -shared -o conftest.so conftest.c
			      -Wl,--hash-style=both -nostdlib 1>&5
configure:6363: $? = 0
configure:6372: result: yes
configure:6377: checking for -fno-toplevel-reorder -fno-section-anchors
configure:6387: /home/cmatthew/bin/native_client_sdk_0_5_1052/toolchain/linux_x86/bin/nacl-gcc -L/home/cmatthew/lind/nacl-glibc/nacl/dyn-link  -march=i486 -pipe -fno-strict-aliasing -O2 -mno-tls-direct-seg-refs -g  -S -fno-toplevel-reorder -fno-section-anchors
			    conftest.c 1>&5
configure:6390: $? = 0
configure:6399: result: yes
configure:6408: checking for -fstack-protector
configure:6419: /home/cmatthew/bin/native_client_sdk_0_5_1052/toolchain/linux_x86/bin/nacl-gcc -L/home/cmatthew/lind/nacl-glibc/nacl/dyn-link  -march=i486 -pipe -fno-strict-aliasing -O2 -mno-tls-direct-seg-refs -g   -Werror -fstack-protector
			    -o conftest conftest.c 1>&5
/home/cmatthew/bin/native_client_sdk_0_5_1052/toolchain/linux_x86/bin/../lib/gcc/x86_64-nacl/4.4.3/../../../../x86_64-nacl/bin/ld: cannot find -lssp_nonshared
collect2: ld returned 1 exit status
configure:6422: $? = 1
configure:6431: result: no
configure:6435: checking for -fgnu89-inline
configure:6450: /home/cmatthew/bin/native_client_sdk_0_5_1052/toolchain/linux_x86/bin/nacl-gcc -L/home/cmatthew/lind/nacl-glibc/nacl/dyn-link  -march=i486 -pipe -fno-strict-aliasing -O2 -mno-tls-direct-seg-refs -g  -S -std=gnu99 -fgnu89-inline
			    -o conftest.s conftest.c 1>&5
conftest.c:3: warning: return type defaults to 'int'
configure:6453: $? = 0
configure:6462: result: yes
configure:6532: checking whether cc puts quotes around section names
configure:6553: result: no
configure:6667: checking for assembler .weak directive
configure:6680: /home/cmatthew/bin/native_client_sdk_0_5_1052/toolchain/linux_x86/bin/nacl-gcc -L/home/cmatthew/lind/nacl-glibc/nacl/dyn-link   -c conftest.s 1>&5
configure:6683: $? = 0
configure:6691: result: yes
configure:6738: checking whether CFI directives are supported
configure:6757: /home/cmatthew/bin/native_client_sdk_0_5_1052/toolchain/linux_x86/bin/nacl-gcc -L/home/cmatthew/lind/nacl-glibc/nacl/dyn-link   -c conftest.s 1>&5
configure:6760: $? = 0
configure:6768: result: yes
configure:6777: checking for ld --no-whole-archive
configure:6790: /home/cmatthew/bin/native_client_sdk_0_5_1052/toolchain/linux_x86/bin/nacl-gcc -L/home/cmatthew/lind/nacl-glibc/nacl/dyn-link  -march=i486 -pipe -fno-strict-aliasing -O2 -mno-tls-direct-seg-refs -g  
			    -nostdlib -nostartfiles -Wl,--no-whole-archive
			    -o conftest conftest.c 1>&5
configure:6793: $? = 0
configure:6801: result: yes
configure:6807: checking for gcc -fexceptions
configure:6820: /home/cmatthew/bin/native_client_sdk_0_5_1052/toolchain/linux_x86/bin/nacl-gcc -L/home/cmatthew/lind/nacl-glibc/nacl/dyn-link  -march=i486 -pipe -fno-strict-aliasing -O2 -mno-tls-direct-seg-refs -g  
			    -nostdlib -nostartfiles -fexceptions
			    -o conftest conftest.c 1>&5
configure:6823: $? = 0
configure:6831: result: yes
configure:6897: checking for __builtin_expect
configure:6912: /home/cmatthew/bin/native_client_sdk_0_5_1052/toolchain/linux_x86/bin/nacl-gcc -L/home/cmatthew/lind/nacl-glibc/nacl/dyn-link  -march=i486 -pipe -fno-strict-aliasing -O2 -mno-tls-direct-seg-refs -g   -nostdlib -nostartfiles
			    -o conftest conftest.c -lgcc >&5
/home/cmatthew/bin/native_client_sdk_0_5_1052/toolchain/linux_x86/bin/../lib/gcc/x86_64-nacl/4.4.3/../../../../x86_64-nacl/bin/ld: warning: cannot find entry symbol _start; defaulting to 0000000001000120
configure:6915: $? = 0
configure:6923: result: yes
configure:6932: checking for __builtin_memset
configure:6944: /home/cmatthew/bin/native_client_sdk_0_5_1052/toolchain/linux_x86/bin/nacl-gcc -L/home/cmatthew/lind/nacl-glibc/nacl/dyn-link  -O3 -S conftest.c -o - | fgrep memset > /dev/null
configure:6947: $? = 1
configure:6956: result: yes
configure:6965: checking for redirection of built-in functions
configure:6978: /home/cmatthew/bin/native_client_sdk_0_5_1052/toolchain/linux_x86/bin/nacl-gcc -L/home/cmatthew/lind/nacl-glibc/nacl/dyn-link  -O3 -S conftest.c -o - | fgrep my_strstr > /dev/null
configure:6981: $? = 0
configure:6990: result: yes
configure:7000: checking for __thread
configure:7009: /home/cmatthew/bin/native_client_sdk_0_5_1052/toolchain/linux_x86/bin/nacl-gcc -L/home/cmatthew/lind/nacl-glibc/nacl/dyn-link  -march=i486 -pipe -fno-strict-aliasing -O2 -mno-tls-direct-seg-refs -g  -c conftest.c >&5
configure:7012: $? = 0
configure:7020: result: yes
configure:7033: checking for tls_model attribute
configure:7042: /home/cmatthew/bin/native_client_sdk_0_5_1052/toolchain/linux_x86/bin/nacl-gcc -L/home/cmatthew/lind/nacl-glibc/nacl/dyn-link  -march=i486 -pipe -fno-strict-aliasing -O2 -mno-tls-direct-seg-refs -g  -S -Werror conftest.c >&5
configure:7045: $? = 0
configure:7053: result: yes
configure:7092: checking for libgd
configure:7122: /home/cmatthew/bin/native_client_sdk_0_5_1052/toolchain/linux_x86/bin/nacl-gcc -L/home/cmatthew/lind/nacl-glibc/nacl/dyn-link  -o conftest -march=i486 -pipe -fno-strict-aliasing -O2 -mno-tls-direct-seg-refs -g     conftest.c  -lgd -lpng -lz -lm >&5
conftest.c:23:16: error: gd.h: No such file or directory
configure:7128: $? = 1
configure: failed program was:
| /* confdefs.h.  */
| #define PACKAGE_NAME "GNU C Library"
| #define PACKAGE_TARNAME "c-library"
| #define PACKAGE_VERSION "(see version.h)"
| #define PACKAGE_STRING "GNU C Library (see version.h)"
| #define PACKAGE_BUGREPORT "glibc"
| #define HAVE_LIBIDN 1
| #define USE_REGPARMS 1
| #define ASM_GLOBAL_DIRECTIVE .globl
| #define HAVE_ASM_SET_DIRECTIVE 1
| #define ASM_TYPE_DIRECTIVE_PREFIX @
| #define DO_VERSIONING 1
| #define HAVE_ASM_PREVIOUS_DIRECTIVE 1
| #define NO_UNDERSCORES 1
| #define HAVE_ASM_WEAK_DIRECTIVE 1
| #define HAVE_ASM_CFI_DIRECTIVES 1
| #define HAVE_BUILTIN_EXPECT 1
| #define HAVE_BUILTIN_MEMSET 1
| #define HAVE_BUILTIN_REDIRECTION 1
| #define HAVE___THREAD 1
| #define HAVE_TLS_MODEL_ATTRIBUTE 1
| /* end confdefs.h.  */
| #include <gd.h>
| int
| main ()
| {
| gdImagePng (0, 0)
|   ;
|   return 0;
| }
configure:7150: result: no
configure:7159: checking for is_selinux_enabled in -lselinux
configure:7194: /home/cmatthew/bin/native_client_sdk_0_5_1052/toolchain/linux_x86/bin/nacl-gcc -L/home/cmatthew/lind/nacl-glibc/nacl/dyn-link  -o conftest -march=i486 -pipe -fno-strict-aliasing -O2 -mno-tls-direct-seg-refs -g   conftest.c -lselinux   >&5
/home/cmatthew/bin/native_client_sdk_0_5_1052/toolchain/linux_x86/bin/../lib/gcc/x86_64-nacl/4.4.3/../../../../x86_64-nacl/bin/ld: cannot find -lselinux
collect2: ld returned 1 exit status
configure:7200: $? = 1
configure: failed program was:
| /* confdefs.h.  */
| #define PACKAGE_NAME "GNU C Library"
| #define PACKAGE_TARNAME "c-library"
| #define PACKAGE_VERSION "(see version.h)"
| #define PACKAGE_STRING "GNU C Library (see version.h)"
| #define PACKAGE_BUGREPORT "glibc"
| #define HAVE_LIBIDN 1
| #define USE_REGPARMS 1
| #define ASM_GLOBAL_DIRECTIVE .globl
| #define HAVE_ASM_SET_DIRECTIVE 1
| #define ASM_TYPE_DIRECTIVE_PREFIX @
| #define DO_VERSIONING 1
| #define HAVE_ASM_PREVIOUS_DIRECTIVE 1
| #define NO_UNDERSCORES 1
| #define HAVE_ASM_WEAK_DIRECTIVE 1
| #define HAVE_ASM_CFI_DIRECTIVES 1
| #define HAVE_BUILTIN_EXPECT 1
| #define HAVE_BUILTIN_MEMSET 1
| #define HAVE_BUILTIN_REDIRECTION 1
| #define HAVE___THREAD 1
| #define HAVE_TLS_MODEL_ATTRIBUTE 1
| /* end confdefs.h.  */
| 
| /* Override any GCC internal prototype to avoid an error.
|    Use char because int might match the return type of a GCC
|    builtin and then its argument prototype would still apply.  */
| #ifdef __cplusplus
| extern "C"
| #endif
| char is_selinux_enabled ();
| int
| main ()
| {
| return is_selinux_enabled ();
|   ;
|   return 0;
| }
configure:7218: result: no
configure:7475: result: running configure fragment for sysdeps/i386/elf
configure:7: checking for i386 TLS support
configure:29: /home/cmatthew/bin/native_client_sdk_0_5_1052/toolchain/linux_x86/bin/nacl-gcc -L/home/cmatthew/lind/nacl-glibc/nacl/dyn-link  -c -march=i486 -pipe -fno-strict-aliasing -O2 -mno-tls-direct-seg-refs -g conftest.s 1>&5
configure:32: $? = 0
configure:40: result: yes
configure:7475: result: running configure fragment for nptl/sysdeps/pthread
configure:27: checking for forced unwind support
configure:56: /home/cmatthew/bin/native_client_sdk_0_5_1052/toolchain/linux_x86/bin/nacl-gcc -L/home/cmatthew/lind/nacl-glibc/nacl/dyn-link  -o conftest -march=i486 -pipe -fno-strict-aliasing -O2 -mno-tls-direct-seg-refs -g   conftest.c  >&5
configure:62: $? = 0
configure:79: result: yes
configure:88: checking for C cleanup handling
configure:118: /home/cmatthew/bin/native_client_sdk_0_5_1052/toolchain/linux_x86/bin/nacl-gcc -L/home/cmatthew/lind/nacl-glibc/nacl/dyn-link  -o conftest -march=i486 -pipe -fno-strict-aliasing -O2 -mno-tls-direct-seg-refs -g -Werror -fexceptions   conftest.c  >&5
configure:124: $? = 0
configure:141: result: yes
configure:7475: result: running configure fragment for sysdeps/pthread
configure:7475: result: running configure fragment for sysdeps/unix/sysv/linux
configure:25: checking for grep that handles long lines and -e
configure:99: result: /bin/grep
configure:104: checking for egrep
configure:182: result: /bin/grep -E
configure:187: checking installed Linux kernel header files
configure:212: result: 2.0.10 or later
configure:316: checking for kernel header at least 2.2.0
configure:339: result: ok
configure:7475: result: running configure fragment for sysdeps/i386
configure:4: checking if -g produces usable source locations for assembler-with-cpp
configure:27: /home/cmatthew/bin/native_client_sdk_0_5_1052/toolchain/linux_x86/bin/nacl-gcc -L/home/cmatthew/lind/nacl-glibc/nacl/dyn-link    -g -c conftest.S 1>&5
configure:30: $? = 0
configure:35: readelf --debug-dump=line conftest.o |
		   grep conftest\.S 1>&5
  1	0	0	0	conftest.S
configure:38: $? = 0
configure:47: result: yes
configure:7574: checking for old glibc 2.0.x headers
configure:7582: result: no
configure:7623: checking whether -fPIC is default
configure:7639: result: no
configure:7768: creating ./config.status

## ---------------------- ##
## Running config.status. ##
## ---------------------- ##

This file was extended by GNU C Library config.status (see version.h), which was
generated by GNU Autoconf 2.61.  Invocation command line was

  CONFIG_FILES    = 
  CONFIG_HEADERS  = 
  CONFIG_LINKS    = 
  CONFIG_COMMANDS = 
  $ ./config.status 

on sebulba

config.status:709: creating config.make
config.status:709: creating Makefile
config.status:709: creating config.h
config.status:947: executing default commands

## ---------------- ##
## Cache variables. ##
## ---------------- ##

ac_cv_build=x86_64-unknown-linux-gnu
ac_cv_c_compiler_gnu=yes
ac_cv_cxx_compiler_gnu=yes
ac_cv_env_CCC_set=
ac_cv_env_CCC_value=
ac_cv_env_CC_set=set
ac_cv_env_CC_value='/home/cmatthew/bin/native_client_sdk_0_5_1052/toolchain/linux_x86/bin/nacl-gcc -L/home/cmatthew/lind/nacl-glibc/nacl/dyn-link '
ac_cv_env_CFLAGS_set=set
ac_cv_env_CFLAGS_value='-march=i486 -pipe -fno-strict-aliasing -O2 -mno-tls-direct-seg-refs -g'
ac_cv_env_CPPFLAGS_set=
ac_cv_env_CPPFLAGS_value=
ac_cv_env_CPP_set=
ac_cv_env_CPP_value=
ac_cv_env_CXXFLAGS_set=
ac_cv_env_CXXFLAGS_value=
ac_cv_env_CXX_set=
ac_cv_env_CXX_value=
ac_cv_env_LDFLAGS_set=
ac_cv_env_LDFLAGS_value=
ac_cv_env_LIBS_set=
ac_cv_env_LIBS_value=
ac_cv_env_build_alias_set=
ac_cv_env_build_alias_value=
ac_cv_env_host_alias_set=set
ac_cv_env_host_alias_value=i486-linux-gnu
ac_cv_env_target_alias_set=
ac_cv_env_target_alias_value=
ac_cv_host=i486-pc-linux-gnu
ac_cv_lib_selinux_is_selinux_enabled=no
ac_cv_objext=o
ac_cv_path_BASH_SHELL=/bin/bash
ac_cv_path_BISON=no
ac_cv_path_EGREP='/bin/grep -E'
ac_cv_path_GREP=/bin/grep
ac_cv_path_INSTALL_INFO=/usr/sbin/install-info
ac_cv_path_PERL=/usr/bin/perl
ac_cv_path_PWD_P=/bin/pwd
ac_cv_path_install='/usr/bin/install -c'
ac_cv_prog_AS=/home/cmatthew/bin/native_client_sdk_0_5_1052/toolchain/linux_x86/bin/../lib/gcc/x86_64-nacl/4.4.3/../../../../x86_64-nacl/bin/as
ac_cv_prog_AWK=gawk
ac_cv_prog_BUILD_CC=gcc
ac_cv_prog_CC='/home/cmatthew/bin/native_client_sdk_0_5_1052/toolchain/linux_x86/bin/nacl-gcc -L/home/cmatthew/lind/nacl-glibc/nacl/dyn-link '
ac_cv_prog_CPP='/home/cmatthew/bin/native_client_sdk_0_5_1052/toolchain/linux_x86/bin/nacl-gcc -L/home/cmatthew/lind/nacl-glibc/nacl/dyn-link  -E'
ac_cv_prog_LD=/home/cmatthew/bin/native_client_sdk_0_5_1052/toolchain/linux_x86/bin/../lib/gcc/x86_64-nacl/4.4.3/../../../../x86_64-nacl/bin/ld
ac_cv_prog_MAKE=make
ac_cv_prog_MAKEINFO=makeinfo
ac_cv_prog_MSGFMT=msgfmt
ac_cv_prog_SED=sed
ac_cv_prog_ac_ct_CXX=g++
ac_cv_prog_cc_c89=
ac_cv_prog_cc_g=yes
ac_cv_prog_cxx_g=yes
libc_cv_386_tls=yes
libc_cv_Bgroup=yes
libc_cv_as_needed=no
libc_cv_as_noexecstack=yes
libc_cv_asm_cfi_directives=yes
libc_cv_asm_global_directive=.globl
libc_cv_asm_previous_directive=yes
libc_cv_asm_protected_directive=yes
libc_cv_asm_set_directive=yes
libc_cv_asm_symver_directive=yes
libc_cv_asm_type_prefix=@
libc_cv_asm_underscores=no
libc_cv_asm_weak_directive=yes
libc_cv_broken_alias_attribute=no
libc_cv_broken_visibility_attribute=no
libc_cv_c_cleanup=yes
libc_cv_cc_with_libunwind=no
libc_cv_cpp_asm_debuginfo=yes
libc_cv_dot_text=.text
libc_cv_fno_toplevel_reorder=yes
libc_cv_forced_unwind=yes
libc_cv_fpie=no
libc_cv_friendly_stddef=yes
libc_cv_gcc___thread=yes
libc_cv_gcc_builtin_expect=yes
libc_cv_gcc_builtin_memset=yes
libc_cv_gcc_builtin_redirection=yes
libc_cv_gcc_exceptions=yes
libc_cv_gcc_static_libgcc=-static-libgcc
libc_cv_gcc_tls_model_attr=yes
libc_cv_gcc_unwind_find_fde=yes
libc_cv_gnu89_inline=-fgnu89-inline
libc_cv_hashstyle=yes
libc_cv_have_bash2=yes
libc_cv_have_ksh=yes
libc_cv_have_sdata_section=no
libc_cv_have_section_quotes=no
libc_cv_idn=no
libc_cv_initfini_array=yes
libc_cv_ld_no_whole_archive=yes
libc_cv_ld_version_script_option=yes
libc_cv_libgcc_s_suffix=
libc_cv_linux2010='2.0.10 or later'
libc_cv_need_minus_P=no
libc_cv_prog_as_gnu=yes
libc_cv_prog_ld_gnu=yes
libc_cv_ranlib_necessary=no
libc_cv_rootsbindir=/sbin
libc_cv_signed_size_t=no
libc_cv_slibdir=/lib
libc_cv_ssp=no
libc_cv_sysconfdir=/etc
libc_cv_visibility_attribute=yes
libc_cv_weak_symbols=yes
libc_cv_z_combreloc=no
libc_cv_z_execstack=yes
libc_cv_z_initfirst=yes
libc_cv_z_nodelete=yes
libc_cv_z_nodlopen=yes
libc_cv_z_relro=yes

## ----------------- ##
## Output variables. ##
## ----------------- ##

AR='/home/cmatthew/bin/native_client_sdk_0_5_1052/toolchain/linux_x86/bin/../lib/gcc/x86_64-nacl/4.4.3/../../../../x86_64-nacl/bin/ar'
AS='/home/cmatthew/bin/native_client_sdk_0_5_1052/toolchain/linux_x86/bin/../lib/gcc/x86_64-nacl/4.4.3/../../../../x86_64-nacl/bin/as'
ASFLAGS_config=' -Wa,--noexecstack'
AUTOCONF='no'
AWK='gawk'
BASH_SHELL='/bin/bash'
BISON='no'
BUILD_CC='gcc'
CC='/home/cmatthew/bin/native_client_sdk_0_5_1052/toolchain/linux_x86/bin/nacl-gcc -L/home/cmatthew/lind/nacl-glibc/nacl/dyn-link '
CFLAGS='-march=i486 -pipe -fno-strict-aliasing -O2 -mno-tls-direct-seg-refs -g'
CPP='/home/cmatthew/bin/native_client_sdk_0_5_1052/toolchain/linux_x86/bin/nacl-gcc -L/home/cmatthew/lind/nacl-glibc/nacl/dyn-link  -E'
CPPFLAGS=''
CXX='g++'
CXXFLAGS='-g -O2'
CXX_SYSINCLUDES='-isystem ../../../../include/c++/4.5.2 -isystem ../../../../include/c++/4.5.2/x86_64-linux-gnu -isystem ../../../../include/c++/4.5.2/backward'
DEFINES=' -D_LIBC_REENTRANT'
DEFS='-DHAVE_CONFIG_H'
ECHO_C=''
ECHO_N='-n'
ECHO_T=''
INSTALL_DATA='${INSTALL} -m 644'
INSTALL_INFO='/usr/sbin/install-info'
INSTALL_PROGRAM='${INSTALL}'
INSTALL_SCRIPT='${INSTALL}'
KSH='/bin/bash'
LD='/home/cmatthew/bin/native_client_sdk_0_5_1052/toolchain/linux_x86/bin/../lib/gcc/x86_64-nacl/4.4.3/../../../../x86_64-nacl/bin/ld'
LDFLAGS=''
LIBGD='no'
LIBOBJS=''
LIBS=''
LN_S='ln -s'
LTLIBOBJS=''
MAKE='make'
MAKEINFO='makeinfo'
MIG=''
MSGFMT='msgfmt'
OBJDUMP='/home/cmatthew/bin/native_client_sdk_0_5_1052/toolchain/linux_x86/bin/../lib/gcc/x86_64-nacl/4.4.3/../../../../x86_64-nacl/bin/objdump'
OBJEXT='o'
PACKAGE_BUGREPORT='glibc'
PACKAGE_NAME='GNU C Library'
PACKAGE_STRING='GNU C Library (see version.h)'
PACKAGE_TARNAME='c-library'
PACKAGE_VERSION='(see version.h)'
PATH_SEPARATOR=':'
PERL='/usr/bin/perl'
PWD_P='/bin/pwd'
RANLIB=':'
RELEASE='stable'
SED='sed'
SHELL='/bin/bash'
SYSINCLUDES='-nostdinc -isystem /home/cmatthew/bin/native_client_sdk_0_5_1052/toolchain/linux_x86/bin/../lib/gcc/x86_64-nacl/4.4.3/include -isystem /home/cmatthew/bin/native_client_sdk_0_5_1052/toolchain/linux_x86/bin/../lib/gcc/x86_64-nacl/4.4.3/include-fixed -isystem /home/cmatthew/lind/nacl-glibc/kernel-headers'
VERSION='2.9'
VERSIONING='yes'
ac_ct_CC=''
ac_ct_CXX='g++'
add_on_subdirs=' libidn'
add_ons='libidn nptl'
all_warnings=''
base_machine='i386'
bindir='${exec_prefix}/bin'
bindnow='no'
bounded='no'
build='x86_64-unknown-linux-gnu'
build_alias=''
build_cpu='x86_64'
build_os='linux-gnu'
build_vendor='unknown'
cross_compiling='maybe'
datadir='${datarootdir}'
datarootdir='${prefix}/share'
docdir='${datarootdir}/doc/${PACKAGE_TARNAME}'
dvidir='${docdir}'
elf='yes'
enable_check_abi='no'
exceptions='-fexceptions'
exec_prefix='${prefix}'
fno_unit_at_a_time='-fno-toplevel-reorder -fno-section-anchors'
force_install='yes'
have_libaudit=''
have_libcap=''
have_selinux='no'
host='i486-pc-linux-gnu'
host_alias='i486-linux-gnu'
host_cpu='i486'
host_os='linux-gnu'
host_vendor='pc'
htmldir='${docdir}'
includedir='${prefix}/include'
infodir='${datarootdir}/info'
ldd_rewrite_script='../sysdeps/unix/sysv/linux/ldd-rewrite.sed'
libc_cv_Bgroup='yes'
libc_cv_as_needed='no'
libc_cv_cc_submachine=''
libc_cv_cc_with_libunwind='no'
libc_cv_cpp_asm_debuginfo='yes'
libc_cv_forced_unwind='yes'
libc_cv_fpie='no'
libc_cv_gcc_static_libgcc='-static-libgcc'
libc_cv_gcc_unwind_find_fde='yes'
libc_cv_gnu89_inline='-fgnu89-inline'
libc_cv_hashstyle='yes'
libc_cv_have_bash2='yes'
libc_cv_have_initfini=''
libc_cv_have_ksh='yes'
libc_cv_libgcc_s_suffix=''
libc_cv_localedir=''
libc_cv_rootsbindir='/sbin'
libc_cv_slibdir='/lib'
libc_cv_ssp='no'
libc_cv_sysconfdir='/etc'
libc_cv_z_combreloc='no'
libc_cv_z_execstack='yes'
libdir='${exec_prefix}/lib'
libexecdir='${exec_prefix}/libexec'
localedir='${datarootdir}/locale'
localstatedir='${prefix}/var'
mach_interface_list=''
mandir='${datarootdir}/man'
no_whole_archive='-Wl,--no-whole-archive'
nopic_initfini=''
old_glibc_headers='no'
oldest_abi='default'
oldincludedir='/usr/include'
omitfp='no'
pdfdir='${docdir}'
pic_default='no'
prefix='/usr'
profile='no'
program_transform_name='s,x,x,'
psdir='${docdir}'
sbindir='${exec_prefix}/sbin'
shared='yes'
sharedstatedir='${prefix}/com'
sizeof_long_double=''
static='yes'
static_nss='no'
subdirs=' '
submachine=''
sysconfdir='${prefix}/etc'
sysdeps_add_ons=' nptl'
sysnames=' sysdeps/i386/elf sysdeps/nacl sysdeps/nacl/unsupported nptl/sysdeps/unix/sysv/linux/i386/i486 nptl/sysdeps/unix/sysv/linux/i386 sysdeps/unix/sysv/linux/i386 nptl/sysdeps/unix/sysv/linux nptl/sysdeps/pthread sysdeps/pthread sysdeps/unix/sysv/linux sysdeps/gnu sysdeps/unix/common sysdeps/unix/mman sysdeps/unix/inet sysdeps/unix/sysv/i386 nptl/sysdeps/unix/sysv sysdeps/unix/sysv sysdeps/unix/i386 nptl/sysdeps/unix sysdeps/unix sysdeps/posix nptl/sysdeps/i386/i486 sysdeps/i386/i486 sysdeps/i386/fpu nptl/sysdeps/i386 sysdeps/i386 sysdeps/wordsize-32 sysdeps/ieee754/ldbl-96 sysdeps/ieee754/dbl-64 sysdeps/ieee754/flt-32 sysdeps/ieee754 sysdeps/generic/elf sysdeps/generic'
target_alias=''
uname_release=''
uname_sysname=''
uname_version=''
use_ldconfig='yes'
with_cvs='yes'
with_fp='yes'
xcoff='no'

## ----------- ##
## confdefs.h. ##
## ----------- ##

#define PACKAGE_NAME "GNU C Library"
#define PACKAGE_TARNAME "c-library"
#define PACKAGE_VERSION "(see version.h)"
#define PACKAGE_STRING "GNU C Library (see version.h)"
#define PACKAGE_BUGREPORT "glibc"
#define HAVE_LIBIDN 1
#define USE_REGPARMS 1
#define ASM_GLOBAL_DIRECTIVE .globl
#define HAVE_ASM_SET_DIRECTIVE 1
#define ASM_TYPE_DIRECTIVE_PREFIX @
#define DO_VERSIONING 1
#define HAVE_ASM_PREVIOUS_DIRECTIVE 1
#define NO_UNDERSCORES 1
#define HAVE_ASM_WEAK_DIRECTIVE 1
#define HAVE_ASM_CFI_DIRECTIVES 1
#define HAVE_BUILTIN_EXPECT 1
#define HAVE_BUILTIN_MEMSET 1
#define HAVE_BUILTIN_REDIRECTION 1
#define HAVE___THREAD 1
#define HAVE_TLS_MODEL_ATTRIBUTE 1
#define HAVE_TLS_SUPPORT 1
#define PI_STATIC_AND_HIDDEN 1
#define HAVE_FORCED_UNWIND 1
#define __LINUX_KERNEL_VERSION (2 * 65536 + 2 * 256 + 0)
#define __ABI_TAG_VERSION 2,2,0
#define HAVE_CPP_ASM_DEBUGINFO 1
#define EXPORT_UNWIND_FIND_FDE 1
#define USE_IN_LIBIO 1
#define HAVE_ELF 1

configure: exit 0
